# JRE version: Java(TM) SE Runtime Environment (8.0_92-b14) (build 1.8.0_92-b14)
# Java VM: Java HotSpot(TM) 64-Bit Server VM (25.92-b14 mixed mode windows-amd64 compressed oops)
Heap:
 PSYoungGen      total 184832K, used 164727K [0x000000076ab00000, 0x000000077ab00000, 0x00000007c0000000)
  eden space 111104K, 81% used [0x000000076ab00000,0x00000007703e3f50,0x0000000771780000)
  from space 73728K, 99% used [0x0000000771780000,0x0000000775f79d10,0x0000000775f80000)
  to   space 70144K, 0% used [0x0000000775f80000,0x0000000775f80000,0x000000077a400000)
 ParOldGen       total 313344K, used 230976K [0x00000006c0000000, 0x00000006d3200000, 0x000000076ab00000)
  object space 313344K, 73% used [0x00000006c0000000,0x00000006ce190150,0x00000006d3200000)
 Metaspace       used 6480K, capacity 7192K, committed 7424K, reserved 1056768K
  class space    used 621K, capacity 656K, committed 768K, reserved 1048576K
GC Heap History (10 events):
Event: 7.401 GC heap before
{Heap before GC invocations=13 (full 4):
 PSYoungGen      total 144384K, used 39392K [0x000000076ab00000, 0x000000077a400000, 0x00000007c0000000)
  eden space 104960K, 0% used [0x000000076ab00000,0x000000076ab00000,0x0000000771180000)
  from space 39424K, 99% used [0x0000000771180000,0x00000007737f8290,0x0000000773800000)
  to   space 70144K, 0% used [0x0000000775f80000,0x0000000775f80000,0x000000077a400000)
 ParOldGen       total 164352K, used 125462K [0x00000006c0000000, 0x00000006ca080000, 0x000000076ab00000)
  object space 164352K, 76% used [0x00000006c0000000,0x00000006c7a85ad0,0x00000006ca080000)
 Metaspace       used 6372K, capacity 7128K, committed 7424K, reserved 1056768K
  class space    used 620K, capacity 656K, committed 768K, reserved 1048576K
Event: 7.586 GC heap after
Heap after GC invocations=13 (full 4):
 PSYoungGen      total 144384K, used 0K [0x000000076ab00000, 0x000000077a400000, 0x00000007c0000000)
  eden space 104960K, 0% used [0x000000076ab00000,0x000000076ab00000,0x0000000771180000)
  from space 39424K, 0% used [0x0000000771180000,0x0000000771180000,0x0000000773800000)
  to   space 70144K, 0% used [0x0000000775f80000,0x0000000775f80000,0x000000077a400000)
 ParOldGen       total 313344K, used 161994K [0x00000006c0000000, 0x00000006d3200000, 0x000000076ab00000)
  object space 313344K, 51% used [0x00000006c0000000,0x00000006c9e32958,0x00000006d3200000)
 Metaspace       used 6372K, capacity 7128K, committed 7424K, reserved 1056768K
  class space    used 620K, capacity 656K, committed 768K, reserved 1048576K
}
Event: 7.792 GC heap before
{Heap before GC invocations=14 (full 4):
 PSYoungGen      total 144384K, used 104960K [0x000000076ab00000, 0x000000077a400000, 0x00000007c0000000)
  eden space 104960K, 100% used [0x000000076ab00000,0x0000000771180000,0x0000000771180000)
  from space 39424K, 0% used [0x0000000771180000,0x0000000771180000,0x0000000773800000)
  to   space 70144K, 0% used [0x0000000775f80000,0x0000000775f80000,0x000000077a400000)
 ParOldGen       total 313344K, used 161994K [0x00000006c0000000, 0x00000006d3200000, 0x000000076ab00000)
  object space 313344K, 51% used [0x00000006c0000000,0x00000006c9e32958,0x00000006d3200000)
 Metaspace       used 6381K, capacity 7192K, committed 7424K, reserved 1056768K
  class space    used 621K, capacity 656K, committed 768K, reserved 1048576K
Event: 7.827 GC heap after
Heap after GC invocations=14 (full 4):
 PSYoungGen      total 181248K, used 44800K [0x000000076ab00000, 0x000000077ab00000, 0x00000007c0000000)
  eden space 111104K, 0% used [0x000000076ab00000,0x000000076ab00000,0x0000000771780000)
  from space 70144K, 63% used [0x0000000775f80000,0x0000000778b40170,0x000000077a400000)
  to   space 73728K, 0% used [0x0000000771780000,0x0000000771780000,0x0000000775f80000)
 ParOldGen       total 313344K, used 161994K [0x00000006c0000000, 0x00000006d3200000, 0x000000076ab00000)
  object space 313344K, 51% used [0x00000006c0000000,0x00000006c9e32958,0x00000006d3200000)
 Metaspace       used 6381K, capacity 7192K, committed 7424K, reserved 1056768K
  class space    used 621K, capacity 656K, committed 768K, reserved 1048576K
}
Event: 8.498 GC heap before
{Heap before GC invocations=15 (full 4):
 PSYoungGen      total 181248K, used 155904K [0x000000076ab00000, 0x000000077ab00000, 0x00000007c0000000)
  eden space 111104K, 100% used [0x000000076ab00000,0x0000000771780000,0x0000000771780000)
  from space 70144K, 63% used [0x0000000775f80000,0x0000000778b40170,0x000000077a400000)
  to   space 73728K, 0% used [0x0000000771780000,0x0000000771780000,0x0000000775f80000)
 ParOldGen       total 313344K, used 161994K [0x00000006c0000000, 0x00000006d3200000, 0x000000076ab00000)
  object space 313344K, 51% used [0x00000006c0000000,0x00000006c9e32958,0x00000006d3200000)
 Metaspace       used 6382K, capacity 7192K, committed 7424K, reserved 1056768K
  class space    used 621K, capacity 656K, committed 768K, reserved 1048576K
Event: 8.564 GC heap after
Heap after GC invocations=15 (full 4):
 PSYoungGen      total 184832K, used 71446K [0x000000076ab00000, 0x000000077ab00000, 0x00000007c0000000)
  eden space 111104K, 0% used [0x000000076ab00000,0x000000076ab00000,0x0000000771780000)
  from space 73728K, 96% used [0x0000000771780000,0x0000000775d45be0,0x0000000775f80000)
  to   space 70144K, 0% used [0x0000000775f80000,0x0000000775f80000,0x000000077a400000)
 ParOldGen       total 313344K, used 161994K [0x00000006c0000000, 0x00000006d3200000, 0x000000076ab00000)
  object space 313344K, 51% used [0x00000006c0000000,0x00000006c9e32958,0x00000006d3200000)
 Metaspace       used 6382K, capacity 7192K, committed 7424K, reserved 1056768K
  class space    used 621K, capacity 656K, committed 768K, reserved 1048576K
}
Event: 9.847 GC heap before
{Heap before GC invocations=16 (full 4):
 PSYoungGen      total 184832K, used 182550K [0x000000076ab00000, 0x000000077ab00000, 0x00000007c0000000)
  eden space 111104K, 100% used [0x000000076ab00000,0x0000000771780000,0x0000000771780000)
  from space 73728K, 96% used [0x0000000771780000,0x0000000775d45be0,0x0000000775f80000)
  to   space 70144K, 0% used [0x0000000775f80000,0x0000000775f80000,0x000000077a400000)
 ParOldGen       total 313344K, used 161994K [0x00000006c0000000, 0x00000006d3200000, 0x000000076ab00000)
  object space 313344K, 51% used [0x00000006c0000000,0x00000006c9e32958,0x00000006d3200000)
 Metaspace       used 6384K, capacity 7192K, committed 7424K, reserved 1056768K
  class space    used 621K, capacity 656K, committed 768K, reserved 1048576K
Event: 9.963 GC heap after
Heap after GC invocations=16 (full 4):
 PSYoungGen      total 181248K, used 70136K [0x000000076ab00000, 0x000000077ab00000, 0x00000007c0000000)
  eden space 111104K, 0% used [0x000000076ab00000,0x000000076ab00000,0x0000000771780000)
  from space 70144K, 99% used [0x0000000775f80000,0x000000077a3fe2b8,0x000000077a400000)
  to   space 73728K, 0% used [0x0000000771780000,0x0000000771780000,0x0000000775f80000)
 ParOldGen       total 313344K, used 178613K [0x00000006c0000000, 0x00000006d3200000, 0x000000076ab00000)
  object space 313344K, 57% used [0x00000006c0000000,0x00000006cae6d4f8,0x00000006d3200000)
 Metaspace       used 6384K, capacity 7192K, committed 7424K, reserved 1056768K
  class space    used 621K, capacity 656K, committed 768K, reserved 1048576K
}
Event: 10.810 GC heap before
{Heap before GC invocations=17 (full 4):
 PSYoungGen      total 181248K, used 181240K [0x000000076ab00000, 0x000000077ab00000, 0x00000007c0000000)
  eden space 111104K, 100% used [0x000000076ab00000,0x0000000771780000,0x0000000771780000)
  from space 70144K, 99% used [0x0000000775f80000,0x000000077a3fe2b8,0x000000077a400000)
  to   space 73728K, 0% used [0x0000000771780000,0x0000000771780000,0x0000000775f80000)
 ParOldGen       total 313344K, used 178613K [0x00000006c0000000, 0x00000006d3200000, 0x000000076ab00000)
  object space 313344K, 57% used [0x00000006c0000000,0x00000006cae6d4f8,0x00000006d3200000)
 Metaspace       used 6471K, capacity 7192K, committed 7424K, reserved 1056768K
  class space    used 621K, capacity 656K, committed 768K, reserved 1048576K
Event: 10.962 GC heap after
Heap after GC invocations=17 (full 4):
 PSYoungGen      total 184832K, used 73703K [0x000000076ab00000, 0x000000077ab00000, 0x00000007c0000000)
  eden space 111104K, 0% used [0x000000076ab00000,0x000000076ab00000,0x0000000771780000)
  from space 73728K, 99% used [0x0000000771780000,0x0000000775f79d10,0x0000000775f80000)
  to   space 70144K, 0% used [0x0000000775f80000,0x0000000775f80000,0x000000077a400000)
 ParOldGen       total 313344K, used 230976K [0x00000006c0000000, 0x00000006d3200000, 0x000000076ab00000)
  object space 313344K, 73% used [0x00000006c0000000,0x00000006ce190150,0x00000006d3200000)
 Metaspace       used 6471K, capacity 7192K, committed 7424K, reserved 1056768K
  class space    used 621K, capacity 656K, committed 768K, reserved 1048576K
}

