# JRE version: Java(TM) SE Runtime Environment (8.0_92-b14) (build 1.8.0_92-b14)
# Java VM: Java HotSpot(TM) 64-Bit Server VM (25.92-b14 mixed mode windows-amd64 compressed oops)
Heap:
 PSYoungGen      total 226304K, used 91338K [0x000000076ab00000, 0x0000000784e80000, 0x00000007c0000000)
  eden space 80896K, 63% used [0x000000076ab00000,0x000000076dd384a8,0x000000076fa00000)
  from space 145408K, 27% used [0x000000076fa00000,0x00000007720fa368,0x0000000778800000)
  to   space 165888K, 0% used [0x000000077ac80000,0x000000077ac80000,0x0000000784e80000)
 ParOldGen       total 247296K, used 197689K [0x00000006c0000000, 0x00000006cf180000, 0x000000076ab00000)
  object space 247296K, 79% used [0x00000006c0000000,0x00000006cc10e638,0x00000006cf180000)
 Metaspace       used 6491K, capacity 7192K, committed 7424K, reserved 1056768K
  class space    used 622K, capacity 656K, committed 768K, reserved 1048576K
GC Heap History (10 events):
Event: 12.745 GC heap before
{Heap before GC invocations=19 (full 3):
 PSYoungGen      total 192000K, used 182900K [0x000000076ab00000, 0x000000077ff00000, 0x00000007c0000000)
  eden space 84992K, 100% used [0x000000076ab00000,0x000000076fe00000,0x000000076fe00000)
  from space 107008K, 91% used [0x000000076fe00000,0x0000000775d9d058,0x0000000776680000)
  to   space 121856K, 0% used [0x0000000778800000,0x0000000778800000,0x000000077ff00000)
 ParOldGen       total 247296K, used 174593K [0x00000006c0000000, 0x00000006cf180000, 0x000000076ab00000)
  object space 247296K, 70% used [0x00000006c0000000,0x00000006caa80560,0x00000006cf180000)
 Metaspace       used 6442K, capacity 7192K, committed 7424K, reserved 1056768K
  class space    used 622K, capacity 656K, committed 768K, reserved 1048576K
Event: 14.095 GC heap after
Heap after GC invocations=19 (full 3):
 PSYoungGen      total 202752K, used 121826K [0x000000076ab00000, 0x0000000783180000, 0x00000007c0000000)
  eden space 80896K, 0% used [0x000000076ab00000,0x000000076ab00000,0x000000076fa00000)
  from space 121856K, 99% used [0x0000000778800000,0x000000077fef88c8,0x000000077ff00000)
  to   space 145408K, 0% used [0x000000076fa00000,0x000000076fa00000,0x0000000778800000)
 ParOldGen       total 247296K, used 182853K [0x00000006c0000000, 0x00000006cf180000, 0x000000076ab00000)
  object space 247296K, 73% used [0x00000006c0000000,0x00000006cb291778,0x00000006cf180000)
 Metaspace       used 6442K, capacity 7192K, committed 7424K, reserved 1056768K
  class space    used 622K, capacity 656K, committed 768K, reserved 1048576K
}
Event: 15.697 GC heap before
{Heap before GC invocations=20 (full 3):
 PSYoungGen      total 202752K, used 202722K [0x000000076ab00000, 0x0000000783180000, 0x00000007c0000000)
  eden space 80896K, 100% used [0x000000076ab00000,0x000000076fa00000,0x000000076fa00000)
  from space 121856K, 99% used [0x0000000778800000,0x000000077fef88c8,0x000000077ff00000)
  to   space 145408K, 0% used [0x000000076fa00000,0x000000076fa00000,0x0000000778800000)
 ParOldGen       total 247296K, used 182853K [0x00000006c0000000, 0x00000006cf180000, 0x000000076ab00000)
  object space 247296K, 73% used [0x00000006c0000000,0x00000006cb291778,0x00000006cf180000)
 Metaspace       used 6477K, capacity 7192K, committed 7424K, reserved 1056768K
  class space    used 622K, capacity 656K, committed 768K, reserved 1048576K
Event: 18.068 GC heap after
Heap after GC invocations=20 (full 3):
 PSYoungGen      total 226304K, used 132911K [0x000000076ab00000, 0x0000000784e80000, 0x00000007c0000000)
  eden space 80896K, 0% used [0x000000076ab00000,0x000000076ab00000,0x000000076fa00000)
  from space 145408K, 91% used [0x000000076fa00000,0x0000000777bcbee8,0x0000000778800000)
  to   space 165888K, 0% used [0x000000077ac80000,0x000000077ac80000,0x0000000784e80000)
 ParOldGen       total 247296K, used 200577K [0x00000006c0000000, 0x00000006cf180000, 0x000000076ab00000)
  object space 247296K, 81% used [0x00000006c0000000,0x00000006cc3e05b8,0x00000006cf180000)
 Metaspace       used 6477K, capacity 7192K, committed 7424K, reserved 1056768K
  class space    used 622K, capacity 656K, committed 768K, reserved 1048576K
}
Event: 19.341 GC heap before
{Heap before GC invocations=21 (full 3):
 PSYoungGen      total 226304K, used 213807K [0x000000076ab00000, 0x0000000784e80000, 0x00000007c0000000)
  eden space 80896K, 100% used [0x000000076ab00000,0x000000076fa00000,0x000000076fa00000)
  from space 145408K, 91% used [0x000000076fa00000,0x0000000777bcbee8,0x0000000778800000)
  to   space 165888K, 0% used [0x000000077ac80000,0x000000077ac80000,0x0000000784e80000)
 ParOldGen       total 247296K, used 200577K [0x00000006c0000000, 0x00000006cf180000, 0x000000076ab00000)
  object space 247296K, 81% used [0x00000006c0000000,0x00000006cc3e05b8,0x00000006cf180000)
 Metaspace       used 6481K, capacity 7192K, committed 7424K, reserved 1056768K
  class space    used 622K, capacity 656K, committed 768K, reserved 1048576K
Event: 23.145 GC heap after
Heap after GC invocations=21 (full 3):
 PSYoungGen      total 246784K, used 153192K [0x000000076ab00000, 0x0000000784e80000, 0x00000007c0000000)
  eden space 80896K, 0% used [0x000000076ab00000,0x000000076ab00000,0x000000076fa00000)
  from space 165888K, 92% used [0x000000077ac80000,0x000000078421a3c0,0x0000000784e80000)
  to   space 145408K, 0% used [0x000000076fa00000,0x000000076fa00000,0x0000000778800000)
 ParOldGen       total 247296K, used 214914K [0x00000006c0000000, 0x00000006cf180000, 0x000000076ab00000)
  object space 247296K, 86% used [0x00000006c0000000,0x00000006cd1e0900,0x00000006cf180000)
 Metaspace       used 6481K, capacity 7192K, committed 7424K, reserved 1056768K
  class space    used 622K, capacity 656K, committed 768K, reserved 1048576K
}
Event: 23.145 GC heap before
{Heap before GC invocations=22 (full 4):
 PSYoungGen      total 246784K, used 153192K [0x000000076ab00000, 0x0000000784e80000, 0x00000007c0000000)
  eden space 80896K, 0% used [0x000000076ab00000,0x000000076ab00000,0x000000076fa00000)
  from space 165888K, 92% used [0x000000077ac80000,0x000000078421a3c0,0x0000000784e80000)
  to   space 145408K, 0% used [0x000000076fa00000,0x000000076fa00000,0x0000000778800000)
 ParOldGen       total 247296K, used 214914K [0x00000006c0000000, 0x00000006cf180000, 0x000000076ab00000)
  object space 247296K, 86% used [0x00000006c0000000,0x00000006cd1e0900,0x00000006cf180000)
 Metaspace       used 6481K, capacity 7192K, committed 7424K, reserved 1056768K
  class space    used 622K, capacity 656K, committed 768K, reserved 1048576K
Event: 23.890 GC heap after
Heap after GC invocations=22 (full 4):
 PSYoungGen      total 246784K, used 0K [0x000000076ab00000, 0x0000000784e80000, 0x00000007c0000000)
  eden space 80896K, 0% used [0x000000076ab00000,0x000000076ab00000,0x000000076fa00000)
  from space 165888K, 0% used [0x000000077ac80000,0x000000077ac80000,0x0000000784e80000)
  to   space 145408K, 0% used [0x000000076fa00000,0x000000076fa00000,0x0000000778800000)
 ParOldGen       total 247296K, used 197681K [0x00000006c0000000, 0x00000006cf180000, 0x000000076ab00000)
  object space 247296K, 79% used [0x00000006c0000000,0x00000006cc10c638,0x00000006cf180000)
 Metaspace       used 6481K, capacity 7192K, committed 7424K, reserved 1056768K
  class space    used 622K, capacity 656K, committed 768K, reserved 1048576K
}
Event: 24.026 GC heap before
{Heap before GC invocations=23 (full 4):
 PSYoungGen      total 246784K, used 80896K [0x000000076ab00000, 0x0000000784e80000, 0x00000007c0000000)
  eden space 80896K, 100% used [0x000000076ab00000,0x000000076fa00000,0x000000076fa00000)
  from space 165888K, 0% used [0x000000077ac80000,0x000000077ac80000,0x0000000784e80000)
  to   space 145408K, 0% used [0x000000076fa00000,0x000000076fa00000,0x0000000778800000)
 ParOldGen       total 247296K, used 197681K [0x00000006c0000000, 0x00000006cf180000, 0x000000076ab00000)
  object space 247296K, 79% used [0x00000006c0000000,0x00000006cc10c638,0x00000006cf180000)
 Metaspace       used 6486K, capacity 7192K, committed 7424K, reserved 1056768K
  class space    used 622K, capacity 656K, committed 768K, reserved 1048576K
Event: 24.110 GC heap after
Heap after GC invocations=23 (full 4):
 PSYoungGen      total 226304K, used 39912K [0x000000076ab00000, 0x0000000784e80000, 0x00000007c0000000)
  eden space 80896K, 0% used [0x000000076ab00000,0x000000076ab00000,0x000000076fa00000)
  from space 145408K, 27% used [0x000000076fa00000,0x00000007720fa368,0x0000000778800000)
  to   space 165888K, 0% used [0x000000077ac80000,0x000000077ac80000,0x0000000784e80000)
 ParOldGen       total 247296K, used 197689K [0x00000006c0000000, 0x00000006cf180000, 0x000000076ab00000)
  object space 247296K, 79% used [0x00000006c0000000,0x00000006cc10e638,0x00000006cf180000)
 Metaspace       used 6486K, capacity 7192K, committed 7424K, reserved 1056768K
  class space    used 622K, capacity 656K, committed 768K, reserved 1048576K
}

